2026-06-15 15:09:00,235 - INFO - ==================================================
2026-06-15 15:09:00,235 - INFO - INÍCIO DO PIPELINE ETL - PROJETO C3
2026-06-15 15:09:00,235 - INFO - ==================================================
2026-06-15 15:09:00,235 - INFO - --- Iniciando a execução do script: 01_create_schema.py ---
2026-06-15 15:09:00,352 - INFO - [01_create_schema.py] Schema criado com sucesso no arquivo covid_dw.db
2026-06-15 15:09:00,352 - INFO - --- Sucesso: 01_create_schema.py finalizado em 0.12s ---

2026-06-15 15:09:00,352 - INFO - --- Iniciando a execução do script: 02_load_staging.py ---
2026-06-15 15:09:58,083 - INFO - [02_load_staging.py] Starting staging load into SQLite...
2026-06-15 15:09:58,083 - INFO - [02_load_staging.py] Inserted 200000 rows...
2026-06-15 15:09:58,083 - INFO - [02_load_staging.py] Inserted 400000 rows...
2026-06-15 15:09:58,083 - INFO - [02_load_staging.py] Inserted 600000 rows...
2026-06-15 15:09:58,083 - INFO - [02_load_staging.py] Inserted 800000 rows...
2026-06-15 15:09:58,083 - INFO - [02_load_staging.py] Inserted 1000000 rows...
2026-06-15 15:09:58,083 - INFO - [02_load_staging.py] Inserted 1200000 rows...
2026-06-15 15:09:58,083 - INFO - [02_load_staging.py] Inserted 1400000 rows...
2026-06-15 15:09:58,084 - INFO - [02_load_staging.py] Inserted 1600000 rows...
2026-06-15 15:09:58,084 - INFO - [02_load_staging.py] Inserted 1800000 rows...
2026-06-15 15:09:58,084 - INFO - [02_load_staging.py] Inserted 2000000 rows...
2026-06-15 15:09:58,084 - INFO - [02_load_staging.py] Inserted 2200000 rows...
2026-06-15 15:09:58,084 - INFO - [02_load_staging.py] Inserted 2400000 rows...
2026-06-15 15:09:58,084 - INFO - [02_load_staging.py] Inserted 2600000 rows...
2026-06-15 15:09:58,084 - INFO - [02_load_staging.py] Inserted 2800000 rows...
2026-06-15 15:09:58,084 - INFO - [02_load_staging.py] Inserted 3000000 rows...
2026-06-15 15:09:58,084 - INFO - [02_load_staging.py] Inserted 3200000 rows...
2026-06-15 15:09:58,084 - INFO - [02_load_staging.py] Inserted 3400000 rows...
2026-06-15 15:09:58,084 - INFO - [02_load_staging.py] Inserted 3600000 rows...
2026-06-15 15:09:58,084 - INFO - [02_load_staging.py] Inserted 3800000 rows...
2026-06-15 15:09:58,084 - INFO - [02_load_staging.py] Inserted 4000000 rows...
2026-06-15 15:09:58,084 - INFO - [02_load_staging.py] Inserted 4200000 rows...
2026-06-15 15:09:58,084 - INFO - [02_load_staging.py] Inserted 4400000 rows...
2026-06-15 15:09:58,084 - INFO - [02_load_staging.py] Inserted 4600000 rows...
2026-06-15 15:09:58,084 - INFO - [02_load_staging.py] Inserted 4800000 rows...
2026-06-15 15:09:58,084 - INFO - [02_load_staging.py] Inserted 5000000 rows...
2026-06-15 15:09:58,084 - INFO - [02_load_staging.py] Inserted 5186537 rows...
2026-06-15 15:09:58,084 - INFO - [02_load_staging.py] Done! Imported 5186537 rows in 57.32 seconds.
2026-06-15 15:09:58,084 - INFO - --- Sucesso: 02_load_staging.py finalizado em 57.73s ---

2026-06-15 15:09:58,084 - INFO - --- Iniciando a execução do script: 03_popula_dim_tempo.py ---
2026-06-15 15:09:58,223 - INFO - [03_popula_dim_tempo.py] Foram inseridos 2557 dias na DIM_TEMPO (de 2020-01-01 a 2026-12-31).
2026-06-15 15:09:58,223 - INFO - --- Sucesso: 03_popula_dim_tempo.py finalizado em 0.14s ---

2026-06-15 15:09:58,223 - INFO - --- Iniciando a execução do script: 04_etl_dimensoes.py ---
2026-06-15 15:10:31,421 - INFO - [04_etl_dimensoes.py] [DIM_LOCALIDADE] Carregando...
2026-06-15 15:10:31,421 - INFO - [04_etl_dimensoes.py] [OK] Dimensao DIM_LOCALIDADE carregada em 4.44s.
2026-06-15 15:10:31,421 - INFO - [04_etl_dimensoes.py] [DIM_CLASSIFICACAO] Carregando...
2026-06-15 15:10:31,421 - INFO - [04_etl_dimensoes.py] [OK] Dimensao DIM_CLASSIFICACAO carregada em 3.95s.
2026-06-15 15:10:31,421 - INFO - [04_etl_dimensoes.py] [DIM_PERFIL_PACIENTE] Carregando...
2026-06-15 15:10:31,421 - INFO - [04_etl_dimensoes.py] [OK] Dimensao DIM_PERFIL_PACIENTE carregada em 8.36s.
2026-06-15 15:10:31,421 - INFO - [04_etl_dimensoes.py] [DIM_SINTOMAS] Carregando...
2026-06-15 15:10:31,421 - INFO - [04_etl_dimensoes.py] [OK] Dimensao DIM_SINTOMAS carregada em 6.45s.
2026-06-15 15:10:31,421 - INFO - [04_etl_dimensoes.py] [DIM_COMORBIDADE] Carregando...
2026-06-15 15:10:31,421 - INFO - [04_etl_dimensoes.py] [OK] Dimensao DIM_COMORBIDADE carregada em 5.08s.
2026-06-15 15:10:31,421 - INFO - [04_etl_dimensoes.py] [DIM_TESTE] Carregando...
2026-06-15 15:10:31,421 - INFO - [04_etl_dimensoes.py] [OK] Dimensao DIM_TESTE carregada em 4.88s.
2026-06-15 15:10:31,421 - INFO - --- Sucesso: 04_etl_dimensoes.py finalizado em 33.20s ---

2026-06-15 15:10:31,421 - INFO - --- Iniciando a execução do script: 05_load_fato.py ---
2026-06-15 15:11:39,801 - INFO - [05_load_fato.py] Iniciando carga da Tabela Fato. Isso pode levar alguns minutos...
2026-06-15 15:11:39,801 - INFO - [05_load_fato.py] Carga da tabela Fato finalizada! Total de 5186537 linhas inseridas em 67.92 segundos.
2026-06-15 15:11:39,801 - INFO - --- Sucesso: 05_load_fato.py finalizado em 68.38s ---

2026-06-15 15:11:39,802 - INFO - ==================================================
2026-06-15 15:11:39,802 - INFO - PIPELINE ETL CONCLUÍDO COM SUCESSO! Tempo total: 159.57s
2026-06-15 15:11:39,802 - INFO - ==================================================
